<?xml version="1.0" encoding="UTF-8"?>
<!-- Generated by org.testng.reporters.JUnitXMLReporter -->
<testsuite hostname="LAPTOP-32GN0UI0" failures="0" tests="3" name="Google" time="16.078" errors="0" timestamp="22 Nov 2022 14:23:54 GMT">
  <testcase classname="test.PhpTravels.AppTest" name="testAppTest" time="3.688"/>
  <testcase classname="test.PhpTravels.SeleTest" name="testAppTest" time="1.214"/>
  <testcase classname="test.PhpTravels.SeleTest" name="testSeleTest" time="11.071"/>
</testsuite> <!-- Google -->
