<?xml version="1.0" encoding="UTF-8"?>
<!-- Generated by org.testng.reporters.JUnitXMLReporter -->
<testsuite hostname="LAPTOP-32GN0UI0" failures="0" tests="5" name="Test" time="69.114" errors="0" timestamp="25 Nov 2022 14:48:18 GMT">
  <testcase classname="test.PhpTravels.LoginTest" name="login" time="4.131"/>
  <testcase classname="test.PhpTravels.SeleTest" name="testAppTest" time="4.1"/>
  <testcase classname="test.PhpTravels.SeleTest" name="testDemoQA" time="12.085"/>
  <testcase classname="test.PhpTravels.SeleTest" name="testFlipkart" time="26.11"/>
  <testcase classname="test.PhpTravels.SeleTest" name="testIrctc" time="22.499"/>
</testsuite> <!-- Test -->
