<?xml version="1.0" encoding="UTF-8"?>
<!-- Generated by org.testng.reporters.JUnitXMLReporter -->
<testsuite hostname="LAPTOP-32GN0UI0" failures="0" tests="3" name="Command line test" time="20.16" errors="0" timestamp="18 Nov 2022 15:22:19 GMT">
  <testcase classname="test.PhpTravels.AppTest" name="testAppTest" time="3.961"/>
  <testcase classname="test.PhpTravels.SeleTest" name="testAppTest" time="1.256"/>
  <testcase classname="test.PhpTravels.SeleTest" name="testSeleTest" time="13.744"/>
</testsuite> <!-- Command line test -->
