<?xml version="1.0" encoding="UTF-8"?>
<testng-results total="3" passed="3" failed="0" skipped="0">
  <reporter-output>
  </reporter-output>
  <suite started-at="2022-11-22T14:25:01Z" name="Command line suite" finished-at="2022-11-22T14:25:15Z" duration-ms="14597">
    <groups>
    </groups>
    <test started-at="2022-11-22T14:25:01Z" name="Command line test" finished-at="2022-11-22T14:25:15Z" duration-ms="14597">
      <class name="test.PhpTravels.SeleTest">
        <test-method is-config="true" signature="beforeTest()[pri:0, instance:test.PhpTravels.SeleTest@441772e]" started-at="2022-11-22T19:55:01Z" name="beforeTest" finished-at="2022-11-22T19:55:01Z" duration-ms="2" status="PASS">
          <reporter-output>
          </reporter-output>
        </test-method> <!-- beforeTest -->
        <test-method is-config="true" signature="beforeMethod()[pri:0, instance:test.PhpTravels.SeleTest@441772e]" started-at="2022-11-22T19:55:04Z" name="beforeMethod" finished-at="2022-11-22T19:55:04Z" duration-ms="1" status="PASS">
          <reporter-output>
          </reporter-output>
        </test-method> <!-- beforeMethod -->
        <test-method signature="testAppTest()[pri:0, instance:test.PhpTravels.SeleTest@441772e]" started-at="2022-11-22T19:55:04Z" name="testAppTest" finished-at="2022-11-22T19:55:05Z" duration-ms="852" status="PASS">
          <reporter-output>
          </reporter-output>
        </test-method> <!-- testAppTest -->
        <test-method signature="testSeleTest()[pri:0, instance:test.PhpTravels.SeleTest@441772e]" started-at="2022-11-22T19:55:05Z" name="testSeleTest" finished-at="2022-11-22T19:55:15Z" duration-ms="9889" status="PASS">
          <reporter-output>
          </reporter-output>
        </test-method> <!-- testSeleTest -->
        <test-method is-config="true" signature="beforeMethod()[pri:0, instance:test.PhpTravels.SeleTest@441772e]" started-at="2022-11-22T19:55:05Z" name="beforeMethod" finished-at="2022-11-22T19:55:05Z" duration-ms="0" status="PASS">
          <reporter-output>
          </reporter-output>
        </test-method> <!-- beforeMethod -->
        <test-method is-config="true" signature="tearDown()[pri:0, instance:test.PhpTravels.SeleTest@441772e]" started-at="2022-11-22T19:55:15Z" name="tearDown" finished-at="2022-11-22T19:55:15Z" duration-ms="95" status="PASS">
          <reporter-output>
          </reporter-output>
        </test-method> <!-- tearDown -->
      </class> <!-- test.PhpTravels.SeleTest -->
      <class name="test.PhpTravels.AppTest">
        <test-method is-config="true" signature="setup()[pri:0, instance:test.PhpTravels.AppTest@393671df]" started-at="2022-11-22T19:54:57Z" name="setup" finished-at="2022-11-22T19:55:01Z" duration-ms="3560" status="PASS">
          <reporter-output>
          </reporter-output>
        </test-method> <!-- setup -->
        <test-method is-config="true" signature="beforeMethod()[pri:0, instance:test.PhpTravels.AppTest@393671df]" started-at="2022-11-22T19:55:01Z" name="beforeMethod" finished-at="2022-11-22T19:55:01Z" duration-ms="0" status="PASS">
          <reporter-output>
          </reporter-output>
        </test-method> <!-- beforeMethod -->
        <test-method signature="testAppTest()[pri:0, instance:test.PhpTravels.AppTest@393671df]" started-at="2022-11-22T19:55:01Z" name="testAppTest" finished-at="2022-11-22T19:55:04Z" duration-ms="3743" status="PASS">
          <reporter-output>
          </reporter-output>
        </test-method> <!-- testAppTest -->
        <test-method is-config="true" signature="teardown()[pri:0, instance:test.PhpTravels.AppTest@393671df]" started-at="2022-11-22T19:55:15Z" name="teardown" finished-at="2022-11-22T19:55:16Z" duration-ms="490" status="PASS">
          <reporter-output>
          </reporter-output>
        </test-method> <!-- teardown -->
      </class> <!-- test.PhpTravels.AppTest -->
    </test> <!-- Command line test -->
  </suite> <!-- Command line suite -->
</testng-results>
